<html>
<body>
<pre>
<h1>Vision Build Log</h1>
<h2>Project:</h2>
C:\Users\My computer\Desktop\git\2019NianLanQiaoBeiDanPianJiBiSai-Baolian\模拟考试\第八届电子钟\TimeMain.uvproj
Project File Date:  03/18/2019

<h2>Output:</h2>
Build target 'Target 1'
compiling Key.c...
USE\KEY.H(6): error C129: missing ';' before 'value'
compiling Display.c...
compiling Main.c...
USE\MAIN.C(8): warning C206: 'InitAll': missing function-prototype
USE\MAIN.C(23): error C231: 'InitAll': redefinition
USE\MAIN.C(29): error C231: 'InitAll': redefinition
Target not created
Build target 'Target 1'
compiling Key.c...
USE\KEY.H(6): error C129: missing ';' before 'value'
compiling Display.c...
compiling Main.c...
Target not created
Build target 'Target 1'
compiling Key.c...
USE\KEY.H(6): error C129: missing ';' before 'value'
compiling Display.c...
compiling Main.c...
Target not created
Build target 'Target 1'
compiling Key.c...
compiling Display.c...
compiling Main.c...
linking...
Program Size: data=31.0 xdata=0 code=622
"TimeMain" - 0 Error(s), 0 Warning(s).
Build target 'Target 1'
compiling Key.c...
USE\DISPLAY.H(6): error C141: syntax error near 'void'
compiling Display.c...
compiling Main.c...
USE\MAIN.C(4): error C141: syntax error near 'void'
Target not created
Build target 'Target 1'
compiling Key.c...
USE\DISPLAY.H(9): error C141: syntax error near 'void'
compiling Display.c...
compiling Main.c...
USE\MAIN.C(4): error C141: syntax error near 'void'
Target not created
Build target 'Target 1'
compiling Key.c...
USE\DISPLAY.H(9): error C141: syntax error near 'void'
compiling Display.c...
compiling Main.c...
USE\MAIN.C(8): error C141: syntax error near 'void'
Target not created
Build target 'Target 1'
compiling Key.c...
USE\DISPLAY.H(9): error C141: syntax error near 'void'
compiling Display.c...
USE\DISPLAY.C(52): error C141: syntax error near '}', expected ';'
compiling Main.c...
USE\MAIN.C(8): error C141: syntax error near 'void'
Target not created
Build target 'Target 1'
compiling Key.c...
USE\DISPLAY.H(9): error C141: syntax error near 'void'
compiling Display.c...
compiling Main.c...
USE\MAIN.C(8): error C141: syntax error near 'void'
Target not created
Build target 'Target 1'
compiling Key.c...
USE\DISPLAY.H(9): error C141: syntax error near 'void'
compiling Display.c...
compiling Main.c...
USE\MAIN.C(6): error C141: syntax error near 'void'
Target not created
Build target 'Target 1'
compiling Key.c...
USE\DISPLAY.H(7): error C141: syntax error near 'void'
compiling Display.c...
compiling Main.c...
USE\MAIN.C(6): error C141: syntax error near 'void'
Target not created
Build target 'Target 1'
compiling Key.c...
USE\DISPLAY.H(7): error C141: syntax error near 'extern'
compiling Display.c...
compiling Main.c...
USE\MAIN.C(6): error C141: syntax error near 'void'
Target not created
Build target 'Target 1'
compiling Key.c...
USE\DISPLAY.H(7): error C141: syntax error near 'void'
compiling Display.c...
compiling Main.c...
USE\MAIN.C(6): error C141: syntax error near 'void'
Target not created
Build target 'Target 1'
compiling Key.c...
USE\DISPLAY.H(7): error C141: syntax error near 'void'
compiling Display.c...
compiling Main.c...
USE\MAIN.C(6): error C141: syntax error near 'void'
Target not created
Build target 'Target 1'
compiling Key.c...
USE\DISPLAY.H(7): error C141: syntax error near 'void'
compiling Display.c...
USE\DISPLAY.C(8): warning C235: parameter 1: different types
USE\DISPLAY.C(8): warning C235: parameter 2: different types
compiling Main.c...
USE\MAIN.C(6): error C141: syntax error near 'void'
Target not created
Build target 'Target 1'
compiling Key.c...
USE\DISPLAY.H(7): error C141: syntax error near 'void'
compiling Display.c...
compiling Main.c...
USE\MAIN.C(6): error C141: syntax error near 'void'
Target not created
Build target 'Target 1'
compiling Key.c...
USE\DISPLAY.H(7): error C141: syntax error near 'void'
compiling Display.c...
compiling Main.c...
USE\MAIN.C(6): error C141: syntax error near 'void'
Target not created
Build target 'Target 1'
compiling Key.c...
USE\DISPLAY.H(7): error C141: syntax error near 'void'
compiling Display.c...
compiling Main.c...
USE\MAIN.C(6): error C141: syntax error near 'void'
Target not created
Build target 'Target 1'
compiling Key.c...
USE\DISPLAY.H(7): error C141: syntax error near 'void'
compiling Display.c...
compiling Main.c...
USE\MAIN.C(6): error C141: syntax error near 'void'
Target not created
Build target 'Target 1'
compiling Key.c...
USE\DISPLAY.H(7): error C141: syntax error near 'void'
compiling Display.c...
compiling Main.c...
USE\MAIN.C(6): error C141: syntax error near 'void'
Target not created
Build target 'Target 1'
compiling Key.c...
USE\DISPLAY.H(9): error C141: syntax error near 'void'
compiling Display.c...
compiling Main.c...
USE\MAIN.C(6): error C141: syntax error near 'void'
Target not created
Build target 'Target 1'
compiling Key.c...
USE\DISPLAY.H(11): error C141: syntax error near 'void'
compiling Display.c...
compiling Main.c...
USE\MAIN.C(6): error C141: syntax error near 'void'
Target not created
Build target 'Target 1'
compiling Key.c...
USE\DISPLAY.H(15): error C141: syntax error near 'extern'
USE\DISPLAY.H(15): error C129: missing ';' before 'yi'
compiling Display.c...
USE\DISPLAY.C(11): warning C206: 'Delay2ms': missing function-prototype
USE\DISPLAY.C(45): error C231: 'Delay2ms': redefinition
USE\DISPLAY.C(52): error C231: 'Delay2ms': redefinition
compiling Main.c...
USE\MAIN.C(6): error C141: syntax error near 'void'
Target not created
Build target 'Target 1'
compiling Key.c...
USE\DISPLAY.H(7): error C141: syntax error near 'void'
USE\DISPLAY.H(7): error C141: syntax error near ';', expected ')'
compiling Display.c...
USE\DISPLAY.H(7): error C141: syntax error near ';', expected ')'
USE\DISPLAY.C(8): error C236: '_Display1': different length of parameter lists
compiling Main.c...
USE\DISPLAY.H(7): error C141: syntax error near ';', expected ')'
USE\MAIN.C(6): error C141: syntax error near 'void'
USE\MAIN.C(14): error C208: '_Display1': too many actual parameters
Target not created
Build target 'Target 1'
compiling Key.c...
USE\DISPLAY.H(7): error C141: syntax error near 'void'
USE\DISPLAY.H(8): error C132: '_Display2': not in formal parameter list
USE\DISPLAY.H(9): error C132: '_Display3': not in formal parameter list
USE\DISPLAY.H(10): error C132: '_Display4': not in formal parameter list
USE\DISPLAY.H(11): error C132: 'Delay2ms': not in formal parameter list
USE\DISPLAY.H(15): error C127: 'yi': invalid storage class
USE\DISPLAY.H(15): error C127: 'er': invalid storage class
USE\DISPLAY.H(15): error C127: 'san': invalid storage class
USE\DISPLAY.H(15): error C127: 'si': invalid storage class
USE\DISPLAY.H(15): error C127: 'wu': invalid storage class
USE\DISPLAY.H(15): error C127: 'liu': invalid storage class
USE\DISPLAY.H(15): error C127: 'qi': invalid storage class
USE\DISPLAY.H(15): error C127: 'ba': invalid storage class
USE\DISPLAY.H(17): error C127: 'duanxuan': invalid storage class
USE\KEY.C(4): error C244: 'value': can't initialize, bad type or class
USE\KEY.C(4): error C132: 'value': not in formal parameter list
USE\KEY.C(7): error C132: 'Key16': not in formal parameter list
USE\KEY.C(7): error C141: syntax error near '{'
USE\KEY.C(8): error C136: 'P42': 'void' on variable
USE\KEY.C(8): error C244: 'P42': can't initialize, bad type or class
USE\KEY.C(8): error C136: 'P42': 'void' on variable
USE\KEY.C(8): error C132: 'P42': not in formal parameter list
USE\KEY.C(8): error C136: 'P44': 'void' on variable
USE\KEY.C(8): error C244: 'P44': can't initialize, bad type or class
USE\KEY.C(8): error C136: 'P44': 'void' on variable
USE\KEY.C(8): error C132: 'P44': not in formal parameter list
USE\KEY.C(8): error C136: 'P3': 'void' on variable
USE\KEY.C(8): error C244: 'P3': can't initialize, bad type or class
USE\KEY.C(8): error C136: 'P3': 'void' on variable
USE\KEY.C(8): error C132: 'P3': not in formal parameter list
USE\KEY.C(10): error C141: syntax error near 'if'
USE\KEY.C(10): error C141: syntax error near '!=', expected ')'
USE\KEY.C(13): error C141: syntax error near 'if'
USE\KEY.C(13): error C141: syntax error near '!=', expected ')'
USE\KEY.C(15): error C231: 'P42': redefinition
USE\KEY.C(15): error C231: 'P42': redefinition
USE\KEY.C(15): error C231: 'P44': redefinition
USE\KEY.C(15): error C231: 'P44': redefinition
USE\KEY.C(15): error C231: 'P3': redefinition
USE\KEY.C(15): error C231: 'P3': redefinition
USE\KEY.C(17): error C141: syntax error near 'if'
USE\KEY.C(17): error C141: syntax error near '==', expected ')'
USE\KEY.C(17): error C141: syntax error near '==', expected ')'
USE\KEY.C(17): error C141: syntax error near '==', expected ')'
USE\KEY.C(19): error C141: syntax error near 'else'
USE\KEY.C(19): error C141: syntax error near '==', expected ')'
USE\KEY.C(19): error C141: syntax error near '==', expected ')'
USE\KEY.C(19): error C141: syntax error near '==', expected ')'
USE\KEY.C(20): error C279: 'value': multiple initialization
USE\KEY.C(21): error C141: syntax error near 'else'
USE\KEY.C(21): error C141: syntax error near '==', expected ')'
USE\KEY.C(21): error C141: syntax error near '==', expected ')'
USE\KEY.C(21): error C141: syntax error near '==', expected ')'
USE\KEY.C(22): error C279: 'value': multiple initialization
USE\KEY.C(23): error C141: syntax error near 'else'
USE\KEY.C(23): error C141: syntax error near '==', expected ')'
USE\KEY.C(23): error C141: syntax error near '==', expected ')'
USE\KEY.C(23): error C141: syntax error near '==', expected ')'
USE\KEY.C(24): error C279: 'value': multiple initialization
USE\KEY.C(26): error C279: 'P42': multiple initialization
USE\KEY.C(26): error C231: 'P42': redefinition
USE\KEY.C(26): error C231: 'P42': redefinition
USE\KEY.C(26): error C279: 'P44': multiple initialization
USE\KEY.C(26): error C231: 'P44': redefinition
USE\KEY.C(26): error C231: 'P44': redefinition
USE\KEY.C(26): error C279: 'P3': multiple initialization
USE\KEY.C(26): error C231: 'P3': redefinition
USE\KEY.C(26): error C231: 'P3': redefinition
USE\KEY.C(28): error C141: syntax error near 'switch'
USE\KEY.C(29): error C129: missing ';' before '{'
compiling Display.c...
USE\DISPLAY.H(8): error C132: '_Display2': not in formal parameter list
USE\DISPLAY.H(9): error C132: '_Display3': not in formal parameter list
USE\DISPLAY.H(10): error C132: '_Display4': not in formal parameter list
USE\DISPLAY.H(11): error C132: 'Delay2ms': not in formal parameter list
USE\DISPLAY.H(15): error C127: 'yi': invalid storage class
USE\DISPLAY.H(15): error C127: 'er': invalid storage class
USE\DISPLAY.H(15): error C127: 'san': invalid storage class
USE\DISPLAY.H(15): error C127: 'si': invalid storage class
USE\DISPLAY.H(15): error C127: 'wu': invalid storage class
USE\DISPLAY.H(15): error C127: 'liu': invalid storage class
USE\DISPLAY.H(15): error C127: 'qi': invalid storage class
USE\DISPLAY.H(15): error C127: 'ba': invalid storage class
USE\DISPLAY.H(17): error C127: 'duanxuan': invalid storage class
USE\DISPLAY.C(4): error C244: 'yi': can't initialize, bad type or class
USE\DISPLAY.C(4): error C131: 'yi': duplicate function-parameter
USE\DISPLAY.C(4): error C244: 'er': can't initialize, bad type or class
USE\DISPLAY.C(4): error C131: 'er': duplicate function-parameter
USE\DISPLAY.C(4): error C244: 'san': can't initialize, bad type or class
USE\DISPLAY.C(4): error C132: 'san': not in formal parameter list
USE\DISPLAY.C(4): error C244: 'si': can't initialize, bad type or class
USE\DISPLAY.C(4): error C132: 'si': not in formal parameter list
USE\DISPLAY.C(4): error C244: 'wu': can't initialize, bad type or class
USE\DISPLAY.C(4): error C132: 'wu': not in formal parameter list
USE\DISPLAY.C(4): error C244: 'liu': can't initialize, bad type or class
USE\DISPLAY.C(4): error C132: 'liu': not in formal parameter list
USE\DISPLAY.C(4): error C244: 'qi': can't initialize, bad type or class
USE\DISPLAY.C(4): error C132: 'qi': not in formal parameter list
USE\DISPLAY.C(4): error C244: 'ba': can't initialize, bad type or class
USE\DISPLAY.C(4): error C132: 'ba': not in formal parameter list
USE\DISPLAY.C(5): error C244: 'duanxuan': can't initialize, bad type or class
USE\DISPLAY.C(5): error C132: 'duanxuan': not in formal parameter list
USE\DISPLAY.C(8): error C132: '_Display1': not in formal parameter list
USE\DISPLAY.C(8): error C141: syntax error near '{'
USE\DISPLAY.C(9): error C136: 'P2': 'void' on variable
USE\DISPLAY.C(9): error C244: 'P2': can't initialize, bad type or class
USE\DISPLAY.C(9): error C136: 'P2': 'void' on variable
USE\DISPLAY.C(9): error C132: 'P2': not in formal parameter list
USE\DISPLAY.C(9): error C244: 'P0': can't initialize, bad type or class
USE\DISPLAY.C(9): error C132: 'P0': not in formal parameter list
USE\DISPLAY.C(10): error C244: 'P2': can't initialize, bad type or class
USE\DISPLAY.C(10): error C132: 'P2': not in formal parameter list
USE\DISPLAY.C(10): error C244: 'P0': can't initialize, bad type or class
USE\DISPLAY.C(10): error C202: 'yi': undefined identifier
USE\DISPLAY.C(10): error C132: 'P0': not in formal parameter list
USE\DISPLAY.C(11): error C132: 'Delay2ms': not in formal parameter list
USE\DISPLAY.C(12): error C244: 'P2': can't initialize, bad type or class
USE\DISPLAY.C(12): error C132: 'P2': not in formal parameter list
USE\DISPLAY.C(12): error C244: 'P0': can't initialize, bad type or class
USE\DISPLAY.C(12): error C132: 'P0': not in formal parameter list
USE\DISPLAY.C(13): error C244: 'P2': can't initialize, bad type or class
USE\DISPLAY.C(13): error C132: 'P2': not in formal parameter list
USE\DISPLAY.C(13): error C244: 'P0': can't initialize, bad type or class
USE\DISPLAY.C(13): error C202: 'er': undefined identifier
USE\DISPLAY.C(13): error C132: 'P0': not in formal parameter list
USE\DISPLAY.C(14): error C132: 'Delay2ms': not in formal parameter list
USE\DISPLAY.C(15): error C141: syntax error near '}'
USE\DISPLAY.C(20): error C202: 'duanxuan': undefined identifier
compiling Main.c...
USE\DISPLAY.H(8): error C132: '_Display2': not in formal parameter list
USE\DISPLAY.H(9): error C132: '_Display3': not in formal parameter list
USE\DISPLAY.H(10): error C132: '_Display4': not in formal parameter list
USE\DISPLAY.H(11): error C132: 'Delay2ms': not in formal parameter list
USE\DISPLAY.H(15): error C127: 'yi': invalid storage class
USE\DISPLAY.H(15): error C127: 'er': invalid storage class
USE\DISPLAY.H(15): error C127: 'san': invalid storage class
USE\DISPLAY.H(15): error C127: 'si': invalid storage class
USE\DISPLAY.H(15): error C127: 'wu': invalid storage class
USE\DISPLAY.H(15): error C127: 'liu': invalid storage class
USE\DISPLAY.H(15): error C127: 'qi': invalid storage class
USE\DISPLAY.H(15): error C127: 'ba': invalid storage class
USE\DISPLAY.H(17): error C127: 'duanxuan': invalid storage class
USE\KEY.H(6): error C132: 'Key16': not in formal parameter list
USE\MAIN.C(6): error C141: syntax error near 'void'
Target not created
Build target 'Target 1'
compiling Key.c...
USE\DISPLAY.H(7): error C141: syntax error near 'void'
compiling Display.c...
compiling Main.c...
USE\MAIN.C(6): error C141: syntax error near 'void'
Target not created
Build target 'Target 1'
compiling Key.c...
USE\KEY.C(4): error C129: missing ';' before 'value'
compiling Display.c...
compiling Main.c...
USE\MAIN.C(6): error C141: syntax error near 'void'
Target not created
Build target 'Target 1'
compiling Key.c...
USE\DISPLAY.H(7): error C141: syntax error near 'void'
compiling Display.c...
compiling Main.c...
USE\MAIN.C(6): error C141: syntax error near 'void'
Target not created
Build target 'Target 1'
compiling Key.c...
USE\DISPLAY.H(7): error C141: syntax error near 'void'
compiling Display.c...
compiling Main.c...
USE\MAIN.C(6): error C141: syntax error near 'void'
Target not created
Build target 'Target 1'
compiling Key.c...
USE\DISPLAY.H(7): error C141: syntax error near 'void'
compiling Display.c...
compiling Main.c...
USE\MAIN.C(25): error C231: 'InitAll': redefinition
USE\MAIN.C(31): error C231: 'InitAll': redefinition
Target not created
Build target 'Target 1'
compiling Key.c...
USE\DISPLAY.H(7): error C141: syntax error near 'void'
compiling Display.c...
compiling Main.c...
USE\MAIN.C(6): error C141: syntax error near 'void'
Target not created
Build target 'Target 1'
compiling Key.c...
compiling Display.c...
compiling Main.c...
linking...
Program Size: data=31.0 xdata=0 code=625
creating hex file from "TimeMain"...
"TimeMain" - 0 Error(s), 0 Warning(s).
Build target 'Target 1'
compiling Key.c...
compiling Display.c...
compiling Main.c...
linking...
Program Size: data=31.0 xdata=0 code=625
creating hex file from "TimeMain"...
"TimeMain" - 0 Error(s), 0 Warning(s).
Build target 'Target 1'
compiling Key.c...
compiling Display.c...
compiling Main.c...
linking...
Program Size: data=31.0 xdata=0 code=649
creating hex file from "TimeMain"...
"TimeMain" - 0 Error(s), 0 Warning(s).
Build target 'Target 1'
compiling Key.c...
compiling Display.c...
compiling Main.c...
linking...
Program Size: data=31.0 xdata=0 code=625
creating hex file from "TimeMain"...
"TimeMain" - 0 Error(s), 0 Warning(s).
Build target 'Target 1'
compiling Key.c...
compiling Display.c...
compiling Main.c...
linking...
Program Size: data=31.0 xdata=0 code=619
creating hex file from "TimeMain"...
"TimeMain" - 0 Error(s), 0 Warning(s).
Build target 'Target 1'
compiling Key.c...
USE\KEY.C(9): error C141: syntax error near 'if'
USE\KEY.C(12): error C141: syntax error near '}'
USE\KEY.C(18): error C141: syntax error near 'if'
USE\KEY.C(21): error C141: syntax error near '}'
USE\KEY.C(27): error C141: syntax error near 'if'
USE\KEY.C(36): error C141: syntax error near 'if'
compiling Display.c...
compiling Main.c...
USE\MAIN.C(15): warning C206: 'Key': missing function-prototype
Target not created
Build target 'Target 1'
compiling Key.c...
USE\KEY.C(9): error C141: syntax error near 'if'
USE\KEY.C(18): error C141: syntax error near 'if'
USE\KEY.C(21): error C141: syntax error near '}'
USE\KEY.C(27): error C141: syntax error near 'if'
USE\KEY.C(36): error C141: syntax error near 'if'
compiling Display.c...
compiling Main.c...
USE\MAIN.C(15): warning C206: 'Key': missing function-prototype
Target not created
Build target 'Target 1'
compiling Key.c...
USE\KEY.C(9): error C141: syntax error near 'if'
USE\KEY.C(18): error C141: syntax error near 'if'
USE\KEY.C(21): error C141: syntax error near '}'
USE\KEY.C(27): error C141: syntax error near 'if'
USE\KEY.C(36): error C141: syntax error near 'if'
compiling Display.c...
compiling Main.c...
USE\MAIN.C(15): warning C206: 'Key': missing function-prototype
Target not created
Build target 'Target 1'
compiling Key.c...
USE\KEY.C(9): error C141: syntax error near 'if'
USE\KEY.C(18): error C141: syntax error near 'if'
USE\KEY.C(21): error C141: syntax error near '}'
USE\KEY.C(27): error C141: syntax error near 'if'
USE\KEY.C(36): error C141: syntax error near 'if'
compiling Display.c...
compiling Main.c...
Target not created
Build target 'Target 1'
compiling Key.c...
USE\KEY.C(9): error C141: syntax error near 'if'
USE\KEY.C(18): error C141: syntax error near 'if'
USE\KEY.C(21): error C141: syntax error near '}'
USE\KEY.C(27): error C141: syntax error near 'if'
USE\KEY.C(36): error C141: syntax error near 'if'
compiling Display.c...
compiling Main.c...
Target not created
Build target 'Target 1'
compiling Key.c...
USE\KEY.C(21): error C141: syntax error near '}'
compiling Display.c...
compiling Main.c...
Target not created
Build target 'Target 1'
compiling Key.c...
compiling Display.c...
compiling Main.c...
linking...
*** WARNING L1: UNRESOLVED EXTERNAL SYMBOL
    SYMBOL:  S4
    MODULE:  Key.obj (KEY)
*** WARNING L1: UNRESOLVED EXTERNAL SYMBOL
    SYMBOL:  S5
    MODULE:  Key.obj (KEY)
*** WARNING L1: UNRESOLVED EXTERNAL SYMBOL
    SYMBOL:  S6
    MODULE:  Key.obj (KEY)
*** WARNING L1: UNRESOLVED EXTERNAL SYMBOL
    SYMBOL:  S7
    MODULE:  Key.obj (KEY)
*** WARNING L2: REFERENCE MADE TO UNRESOLVED EXTERNAL
    SYMBOL:  S7
    MODULE:  Key.obj (KEY)
    ADDRESS: 009AH
*** WARNING L2: REFERENCE MADE TO UNRESOLVED EXTERNAL
    SYMBOL:  S6
    MODULE:  Key.obj (KEY)
    ADDRESS: 00ABH
*** WARNING L2: REFERENCE MADE TO UNRESOLVED EXTERNAL
    SYMBOL:  S5
    MODULE:  Key.obj (KEY)
    ADDRESS: 00BCH
*** WARNING L2: REFERENCE MADE TO UNRESOLVED EXTERNAL
    SYMBOL:  S4
    MODULE:  Key.obj (KEY)
    ADDRESS: 00CDH
Program Size: data=30.0 xdata=0 code=455
creating hex file from "TimeMain"...
"TimeMain" - 0 Error(s), 8 Warning(s).
Build target 'Target 1'
compiling Key.c...
compiling Display.c...
compiling Main.c...
linking...
Program Size: data=34.0 xdata=0 code=467
creating hex file from "TimeMain"...
"TimeMain" - 0 Error(s), 0 Warning(s).
Build target 'Target 1'
compiling Key.c...
compiling Display.c...
compiling Main.c...
compiling ds1302.c...
compiling onewire.c...
USE\ONEWIRE.C(86): error C174: return-expression on void-function
Target not created
Build target 'Target 1'
compiling Key.c...
compiling Display.c...
compiling Main.c...
compiling ds1302.c...
compiling onewire.c...
linking...
*** WARNING L16: UNCALLED SEGMENT, IGNORED FOR OVERLAY PROCESS
    SEGMENT: ?PR?WRITE_TIME?DS1302
*** WARNING L16: UNCALLED SEGMENT, IGNORED FOR OVERLAY PROCESS
    SEGMENT: ?PR?READ_TIME?DS1302
*** WARNING L16: UNCALLED SEGMENT, IGNORED FOR OVERLAY PROCESS
    SEGMENT: ?PR?READ_18B20?ONEWIRE
Program Size: data=41.1 xdata=0 code=843
creating hex file from "TimeMain"...
"TimeMain" - 0 Error(s), 3 Warning(s).
Build target 'Target 1'
compiling Key.c...
compiling Display.c...
compiling Main.c...
compiling ds1302.c...
compiling onewire.c...
linking...
*** WARNING L16: UNCALLED SEGMENT, IGNORED FOR OVERLAY PROCESS
    SEGMENT: ?PR?WRITE_TIME?DS1302
*** WARNING L16: UNCALLED SEGMENT, IGNORED FOR OVERLAY PROCESS
    SEGMENT: ?PR?READ_TIME?DS1302
Program Size: data=42.1 xdata=0 code=865
creating hex file from "TimeMain"...
"TimeMain" - 0 Error(s), 2 Warning(s).
Build target 'Target 1'
compiling Key.c...
compiling Display.c...
compiling Main.c...
compiling ds1302.c...
compiling onewire.c...
linking...
*** WARNING L16: UNCALLED SEGMENT, IGNORED FOR OVERLAY PROCESS
    SEGMENT: ?PR?WRITE_TIME?DS1302
*** WARNING L16: UNCALLED SEGMENT, IGNORED FOR OVERLAY PROCESS
    SEGMENT: ?PR?READ_TIME?DS1302
Program Size: data=42.1 xdata=0 code=865
creating hex file from "TimeMain"...
"TimeMain" - 0 Error(s), 2 Warning(s).
Build target 'Target 1'
compiling Key.c...
compiling Display.c...
compiling Main.c...
USE\MAIN.C(14): warning C206: 'Write_18B20': missing function-prototype
compiling ds1302.c...
compiling onewire.c...
linking...
*** WARNING L16: UNCALLED SEGMENT, IGNORED FOR OVERLAY PROCESS
    SEGMENT: ?PR?WRITE_TIME?DS1302
*** WARNING L16: UNCALLED SEGMENT, IGNORED FOR OVERLAY PROCESS
    SEGMENT: ?PR?READ_TIME?DS1302
*** WARNING L1: UNRESOLVED EXTERNAL SYMBOL
    SYMBOL:  WRITE_18B20
    MODULE:  Main.obj (MAIN)
*** WARNING L2: REFERENCE MADE TO UNRESOLVED EXTERNAL
    SYMBOL:  WRITE_18B20
    MODULE:  Main.obj (MAIN)
    ADDRESS: 0156H
Program Size: data=42.1 xdata=0 code=866
creating hex file from "TimeMain"...
"TimeMain" - 0 Error(s), 5 Warning(s).
Build target 'Target 1'
compiling Key.c...
compiling Display.c...
compiling Main.c...
USE\MAIN.C(14): warning C206: 'Write_18B20': missing function-prototype
compiling ds1302.c...
compiling onewire.c...
linking...
*** WARNING L16: UNCALLED SEGMENT, IGNORED FOR OVERLAY PROCESS
    SEGMENT: ?PR?WRITE_TIME?DS1302
*** WARNING L16: UNCALLED SEGMENT, IGNORED FOR OVERLAY PROCESS
    SEGMENT: ?PR?READ_TIME?DS1302
*** WARNING L1: UNRESOLVED EXTERNAL SYMBOL
    SYMBOL:  WRITE_18B20
    MODULE:  Main.obj (MAIN)
*** WARNING L2: REFERENCE MADE TO UNRESOLVED EXTERNAL
    SYMBOL:  WRITE_18B20
    MODULE:  Main.obj (MAIN)
    ADDRESS: 0156H
Program Size: data=42.1 xdata=0 code=866
creating hex file from "TimeMain"...
"TimeMain" - 0 Error(s), 5 Warning(s).
Build target 'Target 1'
compiling Key.c...
compiling Display.c...
compiling Main.c...
compiling ds1302.c...
compiling onewire.c...
linking...
*** WARNING L16: UNCALLED SEGMENT, IGNORED FOR OVERLAY PROCESS
    SEGMENT: ?PR?READ_18B20?ONEWIRE
Program Size: data=42.1 xdata=0 code=866
creating hex file from "TimeMain"...
"TimeMain" - 0 Error(s), 1 Warning(s).
Build target 'Target 1'
compiling Key.c...
compiling Display.c...
compiling Main.c...
compiling ds1302.c...
compiling onewire.c...
linking...
*** WARNING L16: UNCALLED SEGMENT, IGNORED FOR OVERLAY PROCESS
    SEGMENT: ?PR?READ_18B20?ONEWIRE
Program Size: data=42.1 xdata=0 code=866
creating hex file from "TimeMain"...
"TimeMain" - 0 Error(s), 1 Warning(s).
Build target 'Target 1'
compiling Key.c...
compiling Display.c...
compiling Main.c...
compiling ds1302.c...
compiling onewire.c...
linking...
*** WARNING L16: UNCALLED SEGMENT, IGNORED FOR OVERLAY PROCESS
    SEGMENT: ?PR?READ_18B20?ONEWIRE
Program Size: data=42.1 xdata=0 code=1106
creating hex file from "TimeMain"...
"TimeMain" - 0 Error(s), 1 Warning(s).
Build target 'Target 1'
compiling Key.c...
compiling Display.c...
compiling Main.c...
compiling ds1302.c...
compiling onewire.c...
linking...
*** WARNING L16: UNCALLED SEGMENT, IGNORED FOR OVERLAY PROCESS
    SEGMENT: ?PR?READ_18B20?ONEWIRE
Program Size: data=42.1 xdata=0 code=1106
creating hex file from "TimeMain"...
"TimeMain" - 0 Error(s), 1 Warning(s).
Build target 'Target 1'
compiling Key.c...
compiling Display.c...
compiling Main.c...
compiling ds1302.c...
compiling onewire.c...
linking...
*** WARNING L16: UNCALLED SEGMENT, IGNORED FOR OVERLAY PROCESS
    SEGMENT: ?PR?READ_18B20?ONEWIRE
Program Size: data=42.1 xdata=0 code=1106
creating hex file from "TimeMain"...
"TimeMain" - 0 Error(s), 1 Warning(s).
Build target 'Target 1'
compiling Key.c...
compiling Display.c...
compiling Main.c...
compiling ds1302.c...
compiling onewire.c...
linking...
*** WARNING L16: UNCALLED SEGMENT, IGNORED FOR OVERLAY PROCESS
    SEGMENT: ?PR?READ_18B20?ONEWIRE
Program Size: data=42.1 xdata=0 code=1106
creating hex file from "TimeMain"...
"TimeMain" - 0 Error(s), 1 Warning(s).
Build target 'Target 1'
compiling Key.c...
compiling Display.c...
compiling Main.c...
USE\MAIN.C(47): error C202: 'r0': undefined identifier
compiling ds1302.c...
compiling onewire.c...
Target not created
Build target 'Target 1'
compiling Key.c...
compiling Display.c...
compiling Main.c...
compiling ds1302.c...
compiling onewire.c...
linking...
*** WARNING L16: UNCALLED SEGMENT, IGNORED FOR OVERLAY PROCESS
    SEGMENT: ?PR?READ_18B20?ONEWIRE
Program Size: data=46.1 xdata=0 code=1534
creating hex file from "TimeMain"...
"TimeMain" - 0 Error(s), 1 Warning(s).
Build target 'Target 1'
compiling Key.c...
compiling Display.c...
compiling Main.c...
compiling ds1302.c...
compiling onewire.c...
linking...
*** WARNING L16: UNCALLED SEGMENT, IGNORED FOR OVERLAY PROCESS
    SEGMENT: ?PR?READ_18B20?ONEWIRE
Program Size: data=46.1 xdata=0 code=1534
creating hex file from "TimeMain"...
"TimeMain" - 0 Error(s), 1 Warning(s).
Build target 'Target 1'
compiling Key.c...
compiling Display.c...
compiling Main.c...
compiling ds1302.c...
compiling onewire.c...
linking...
*** WARNING L16: UNCALLED SEGMENT, IGNORED FOR OVERLAY PROCESS
    SEGMENT: ?PR?READ_18B20?ONEWIRE
Program Size: data=46.1 xdata=0 code=1534
creating hex file from "TimeMain"...
"TimeMain" - 0 Error(s), 1 Warning(s).
Build target 'Target 1'
compiling Key.c...
compiling Display.c...
compiling Main.c...
compiling ds1302.c...
compiling onewire.c...
linking...
*** WARNING L16: UNCALLED SEGMENT, IGNORED FOR OVERLAY PROCESS
    SEGMENT: ?PR?READ_18B20?ONEWIRE
Program Size: data=46.1 xdata=0 code=1368
creating hex file from "TimeMain"...
"TimeMain" - 0 Error(s), 1 Warning(s).
Build target 'Target 1'
compiling Key.c...
compiling Display.c...
compiling Main.c...
compiling ds1302.c...
compiling onewire.c...
linking...
*** WARNING L16: UNCALLED SEGMENT, IGNORED FOR OVERLAY PROCESS
    SEGMENT: ?PR?READ_18B20?ONEWIRE
Program Size: data=46.1 xdata=0 code=1368
creating hex file from "TimeMain"...
"TimeMain" - 0 Error(s), 1 Warning(s).
Build target 'Target 1'
compiling Key.c...
compiling Display.c...
compiling Main.c...
compiling ds1302.c...
compiling onewire.c...
linking...
*** WARNING L16: UNCALLED SEGMENT, IGNORED FOR OVERLAY PROCESS
    SEGMENT: ?PR?READ_18B20?ONEWIRE
Program Size: data=46.1 xdata=0 code=1368
creating hex file from "TimeMain"...
"TimeMain" - 0 Error(s), 1 Warning(s).
Build target 'Target 1'
compiling Key.c...
compiling Display.c...
compiling Main.c...
USE\MAIN.C(45): error C141: syntax error near '='
USE\MAIN.C(45): error C141: syntax error near ')'
USE\MAIN.C(49): error C141: syntax error near 'else'
compiling ds1302.c...
compiling onewire.c...
Target not created
Build target 'Target 1'
compiling Key.c...
compiling Display.c...
compiling Main.c...
compiling ds1302.c...
compiling onewire.c...
linking...
*** WARNING L16: UNCALLED SEGMENT, IGNORED FOR OVERLAY PROCESS
    SEGMENT: ?PR?READ_18B20?ONEWIRE
Program Size: data=46.1 xdata=0 code=1371
creating hex file from "TimeMain"...
"TimeMain" - 0 Error(s), 1 Warning(s).
Build target 'Target 1'
compiling Key.c...
compiling Display.c...
compiling Main.c...
compiling ds1302.c...
compiling onewire.c...
linking...
*** WARNING L16: UNCALLED SEGMENT, IGNORED FOR OVERLAY PROCESS
    SEGMENT: ?PR?READ_18B20?ONEWIRE
Program Size: data=46.1 xdata=0 code=1384
creating hex file from "TimeMain"...
"TimeMain" - 0 Error(s), 1 Warning(s).
Build target 'Target 1'
compiling Key.c...
compiling Display.c...
compiling Main.c...
compiling ds1302.c...
compiling onewire.c...
linking...
*** WARNING L16: UNCALLED SEGMENT, IGNORED FOR OVERLAY PROCESS
    SEGMENT: ?PR?READ_18B20?ONEWIRE
Program Size: data=46.1 xdata=0 code=1384
creating hex file from "TimeMain"...
"TimeMain" - 0 Error(s), 1 Warning(s).
Build target 'Target 1'
compiling Key.c...
compiling Display.c...
compiling Main.c...
compiling ds1302.c...
compiling onewire.c...
linking...
*** WARNING L16: UNCALLED SEGMENT, IGNORED FOR OVERLAY PROCESS
    SEGMENT: ?PR?READ_18B20?ONEWIRE
Program Size: data=46.1 xdata=0 code=1380
creating hex file from "TimeMain"...
"TimeMain" - 0 Error(s), 1 Warning(s).
Build target 'Target 1'
compiling Key.c...
compiling Display.c...
compiling Main.c...
USE\MAIN.C(23): error C141: syntax error near 'else'
compiling ds1302.c...
compiling onewire.c...
Target not created
Build target 'Target 1'
compiling Key.c...
compiling Display.c...
compiling Main.c...
compiling ds1302.c...
compiling onewire.c...
linking...
*** WARNING L16: UNCALLED SEGMENT, IGNORED FOR OVERLAY PROCESS
    SEGMENT: ?PR?READ_18B20?ONEWIRE
Program Size: data=46.1 xdata=0 code=1145
creating hex file from "TimeMain"...
"TimeMain" - 0 Error(s), 1 Warning(s).
Build target 'Target 1'
compiling Key.c...
compiling Display.c...
compiling Main.c...
compiling ds1302.c...
compiling onewire.c...
linking...
*** WARNING L16: UNCALLED SEGMENT, IGNORED FOR OVERLAY PROCESS
    SEGMENT: ?PR?READ_18B20?ONEWIRE
Program Size: data=46.1 xdata=0 code=1155
creating hex file from "TimeMain"...
"TimeMain" - 0 Error(s), 1 Warning(s).
Build target 'Target 1'
compiling Key.c...
compiling Display.c...
compiling Main.c...
compiling ds1302.c...
compiling onewire.c...
linking...
*** WARNING L16: UNCALLED SEGMENT, IGNORED FOR OVERLAY PROCESS
    SEGMENT: ?PR?READ_18B20?ONEWIRE
Program Size: data=46.1 xdata=0 code=1379
creating hex file from "TimeMain"...
"TimeMain" - 0 Error(s), 1 Warning(s).
Build target 'Target 1'
compiling Key.c...
compiling Display.c...
compiling Main.c...
compiling ds1302.c...
compiling onewire.c...
linking...
*** WARNING L16: UNCALLED SEGMENT, IGNORED FOR OVERLAY PROCESS
    SEGMENT: ?PR?READ_18B20?ONEWIRE
Program Size: data=46.1 xdata=0 code=1386
creating hex file from "TimeMain"...
"TimeMain" - 0 Error(s), 1 Warning(s).
Build target 'Target 1'
compiling Key.c...
compiling Display.c...
compiling Main.c...
compiling ds1302.c...
compiling onewire.c...
linking...
*** WARNING L16: UNCALLED SEGMENT, IGNORED FOR OVERLAY PROCESS
    SEGMENT: ?PR?READ_18B20?ONEWIRE
Program Size: data=46.1 xdata=0 code=1389
creating hex file from "TimeMain"...
"TimeMain" - 0 Error(s), 1 Warning(s).
Build target 'Target 1'
compiling Key.c...
compiling Display.c...
compiling Main.c...
compiling ds1302.c...
compiling onewire.c...
linking...
*** WARNING L16: UNCALLED SEGMENT, IGNORED FOR OVERLAY PROCESS
    SEGMENT: ?PR?READ_18B20?ONEWIRE
Program Size: data=46.1 xdata=0 code=1555
creating hex file from "TimeMain"...
"TimeMain" - 0 Error(s), 1 Warning(s).
Build target 'Target 1'
compiling Key.c...
compiling Display.c...
compiling Main.c...
compiling ds1302.c...
compiling onewire.c...
linking...
*** WARNING L16: UNCALLED SEGMENT, IGNORED FOR OVERLAY PROCESS
    SEGMENT: ?PR?READ_18B20?ONEWIRE
Program Size: data=46.1 xdata=0 code=1392
creating hex file from "TimeMain"...
"TimeMain" - 0 Error(s), 1 Warning(s).
Build target 'Target 1'
compiling Key.c...
compiling Display.c...
compiling Main.c...
compiling ds1302.c...
compiling onewire.c...
linking...
*** WARNING L16: UNCALLED SEGMENT, IGNORED FOR OVERLAY PROCESS
    SEGMENT: ?PR?READ_18B20?ONEWIRE
Program Size: data=46.1 xdata=0 code=1414
creating hex file from "TimeMain"...
"TimeMain" - 0 Error(s), 1 Warning(s).
Build target 'Target 1'
compiling Key.c...
compiling Display.c...
compiling Main.c...
compiling ds1302.c...
compiling onewire.c...
linking...
*** WARNING L16: UNCALLED SEGMENT, IGNORED FOR OVERLAY PROCESS
    SEGMENT: ?PR?READ_18B20?ONEWIRE
Program Size: data=46.1 xdata=0 code=1414
creating hex file from "TimeMain"...
"TimeMain" - 0 Error(s), 1 Warning(s).
Build target 'Target 1'
compiling Key.c...
compiling Display.c...
compiling Main.c...
compiling ds1302.c...
compiling onewire.c...
linking...
*** WARNING L16: UNCALLED SEGMENT, IGNORED FOR OVERLAY PROCESS
    SEGMENT: ?PR?READ_18B20?ONEWIRE
Program Size: data=46.1 xdata=0 code=1417
creating hex file from "TimeMain"...
"TimeMain" - 0 Error(s), 1 Warning(s).
Build target 'Target 1'
compiling Key.c...
USE\KEY.C(48): warning C276: constant in condition expression
compiling Display.c...
compiling Main.c...
compiling ds1302.c...
compiling onewire.c...
linking...
*** WARNING L16: UNCALLED SEGMENT, IGNORED FOR OVERLAY PROCESS
    SEGMENT: ?PR?READ_18B20?ONEWIRE
Program Size: data=46.1 xdata=0 code=1425
creating hex file from "TimeMain"...
"TimeMain" - 0 Error(s), 2 Warning(s).
Build target 'Target 1'
compiling Key.c...
compiling Display.c...
compiling Main.c...
compiling ds1302.c...
compiling onewire.c...
linking...
*** WARNING L16: UNCALLED SEGMENT, IGNORED FOR OVERLAY PROCESS
    SEGMENT: ?PR?READ_18B20?ONEWIRE
Program Size: data=46.1 xdata=0 code=1445
creating hex file from "TimeMain"...
"TimeMain" - 0 Error(s), 1 Warning(s).
Build target 'Target 1'
compiling Key.c...
compiling Display.c...
compiling Main.c...
compiling ds1302.c...
compiling onewire.c...
linking...
*** WARNING L16: UNCALLED SEGMENT, IGNORED FOR OVERLAY PROCESS
    SEGMENT: ?PR?READ_18B20?ONEWIRE
Program Size: data=46.1 xdata=0 code=1445
creating hex file from "TimeMain"...
"TimeMain" - 0 Error(s), 1 Warning(s).
Build target 'Target 1'
compiling Key.c...
compiling Display.c...
compiling Main.c...
compiling ds1302.c...
compiling onewire.c...
linking...
*** WARNING L16: UNCALLED SEGMENT, IGNORED FOR OVERLAY PROCESS
    SEGMENT: ?PR?READ_18B20?ONEWIRE
Program Size: data=46.1 xdata=0 code=1498
creating hex file from "TimeMain"...
"TimeMain" - 0 Error(s), 1 Warning(s).
Build target 'Target 1'
compiling Key.c...
compiling Display.c...
compiling Main.c...
compiling ds1302.c...
compiling onewire.c...
linking...
*** WARNING L16: UNCALLED SEGMENT, IGNORED FOR OVERLAY PROCESS
    SEGMENT: ?PR?READ_18B20?ONEWIRE
Program Size: data=46.1 xdata=0 code=1517
creating hex file from "TimeMain"...
"TimeMain" - 0 Error(s), 1 Warning(s).
Build target 'Target 1'
compiling Key.c...
compiling Display.c...
compiling Main.c...
compiling ds1302.c...
compiling onewire.c...
linking...
*** WARNING L16: UNCALLED SEGMENT, IGNORED FOR OVERLAY PROCESS
    SEGMENT: ?PR?READ_18B20?ONEWIRE
Program Size: data=46.1 xdata=0 code=1517
creating hex file from "TimeMain"...
"TimeMain" - 0 Error(s), 1 Warning(s).
Build target 'Target 1'
compiling Key.c...
compiling Display.c...
compiling Main.c...
compiling ds1302.c...
compiling onewire.c...
linking...
*** WARNING L16: UNCALLED SEGMENT, IGNORED FOR OVERLAY PROCESS
    SEGMENT: ?PR?READ_18B20?ONEWIRE
Program Size: data=46.1 xdata=0 code=1518
creating hex file from "TimeMain"...
"TimeMain" - 0 Error(s), 1 Warning(s).
Build target 'Target 1'
compiling Key.c...
compiling Display.c...
compiling Main.c...
compiling ds1302.c...
compiling onewire.c...
linking...
*** WARNING L16: UNCALLED SEGMENT, IGNORED FOR OVERLAY PROCESS
    SEGMENT: ?PR?READ_18B20?ONEWIRE
Program Size: data=46.1 xdata=0 code=1508
creating hex file from "TimeMain"...
"TimeMain" - 0 Error(s), 1 Warning(s).
Build target 'Target 1'
compiling Key.c...
compiling Display.c...
compiling Main.c...
compiling ds1302.c...
compiling onewire.c...
linking...
*** WARNING L16: UNCALLED SEGMENT, IGNORED FOR OVERLAY PROCESS
    SEGMENT: ?PR?READ_18B20?ONEWIRE
Program Size: data=46.1 xdata=0 code=1508
creating hex file from "TimeMain"...
"TimeMain" - 0 Error(s), 1 Warning(s).
Build target 'Target 1'
compiling Key.c...
compiling Display.c...
compiling Main.c...
compiling ds1302.c...
compiling onewire.c...
linking...
*** WARNING L16: UNCALLED SEGMENT, IGNORED FOR OVERLAY PROCESS
    SEGMENT: ?PR?READ_18B20?ONEWIRE
Program Size: data=46.1 xdata=0 code=1520
creating hex file from "TimeMain"...
"TimeMain" - 0 Error(s), 1 Warning(s).
Build target 'Target 1'
compiling Key.c...
compiling Display.c...
compiling Main.c...
compiling ds1302.c...
compiling onewire.c...
linking...
*** WARNING L16: UNCALLED SEGMENT, IGNORED FOR OVERLAY PROCESS
    SEGMENT: ?PR?READ_18B20?ONEWIRE
Program Size: data=46.1 xdata=0 code=1589
creating hex file from "TimeMain"...
"TimeMain" - 0 Error(s), 1 Warning(s).
Build target 'Target 1'
compiling Key.c...
compiling Display.c...
compiling Main.c...
compiling ds1302.c...
compiling onewire.c...
linking...
*** WARNING L16: UNCALLED SEGMENT, IGNORED FOR OVERLAY PROCESS
    SEGMENT: ?PR?READ_18B20?ONEWIRE
Program Size: data=46.1 xdata=0 code=1804
creating hex file from "TimeMain"...
"TimeMain" - 0 Error(s), 1 Warning(s).
Build target 'Target 1'
compiling Key.c...
compiling Display.c...
compiling Main.c...
compiling ds1302.c...
compiling onewire.c...
linking...
*** WARNING L16: UNCALLED SEGMENT, IGNORED FOR OVERLAY PROCESS
    SEGMENT: ?PR?READ_18B20?ONEWIRE
Program Size: data=46.1 xdata=0 code=1804
creating hex file from "TimeMain"...
"TimeMain" - 0 Error(s), 1 Warning(s).
Build target 'Target 1'
compiling Key.c...
compiling Display.c...
compiling Main.c...
compiling ds1302.c...
compiling onewire.c...
linking...
*** WARNING L16: UNCALLED SEGMENT, IGNORED FOR OVERLAY PROCESS
    SEGMENT: ?PR?READ_18B20?ONEWIRE
Program Size: data=46.1 xdata=0 code=1804
creating hex file from "TimeMain"...
"TimeMain" - 0 Error(s), 1 Warning(s).
Build target 'Target 1'
compiling Key.c...
compiling Display.c...
compiling Main.c...
compiling ds1302.c...
compiling onewire.c...
linking...
*** WARNING L16: UNCALLED SEGMENT, IGNORED FOR OVERLAY PROCESS
    SEGMENT: ?PR?READ_18B20?ONEWIRE
Program Size: data=46.1 xdata=0 code=1806
creating hex file from "TimeMain"...
"TimeMain" - 0 Error(s), 1 Warning(s).
Build target 'Target 1'
compiling Key.c...
USE\KEY.C(66): error C141: syntax error near 'else'
USE\KEY.C(66): error C141: syntax error near '==', expected ')'
USE\KEY.C(68): error C231: 'Delay2ms': redefinition
USE\KEY.C(69): error C141: syntax error near 'if'
USE\KEY.C(69): error C141: syntax error near '==', expected ')'
USE\KEY.C(71): error C141: syntax error near '==', expected ')'
USE\KEY.C(72): error C129: missing ';' before '--'
compiling Display.c...
compiling Main.c...
compiling ds1302.c...
compiling onewire.c...
Target not created
Build target 'Target 1'
compiling Key.c...
compiling Display.c...
compiling Main.c...
compiling ds1302.c...
compiling onewire.c...
linking...
*** WARNING L16: UNCALLED SEGMENT, IGNORED FOR OVERLAY PROCESS
    SEGMENT: ?PR?READ_18B20?ONEWIRE
Program Size: data=46.1 xdata=0 code=1735
creating hex file from "TimeMain"...
"TimeMain" - 0 Error(s), 1 Warning(s).
Build target 'Target 1'
compiling Key.c...
compiling Display.c...
compiling Main.c...
compiling ds1302.c...
compiling onewire.c...
linking...
*** WARNING L16: UNCALLED SEGMENT, IGNORED FOR OVERLAY PROCESS
    SEGMENT: ?PR?READ_18B20?ONEWIRE
Program Size: data=46.1 xdata=0 code=1751
creating hex file from "TimeMain"...
"TimeMain" - 0 Error(s), 1 Warning(s).
Build target 'Target 1'
compiling Key.c...
compiling Display.c...
compiling Main.c...
compiling ds1302.c...
compiling onewire.c...
linking...
*** WARNING L16: UNCALLED SEGMENT, IGNORED FOR OVERLAY PROCESS
    SEGMENT: ?PR?READ_18B20?ONEWIRE
Program Size: data=46.1 xdata=0 code=1748
creating hex file from "TimeMain"...
"TimeMain" - 0 Error(s), 1 Warning(s).
Build target 'Target 1'
compiling Key.c...
compiling Display.c...
compiling Main.c...
compiling ds1302.c...
compiling onewire.c...
linking...
*** WARNING L16: UNCALLED SEGMENT, IGNORED FOR OVERLAY PROCESS
    SEGMENT: ?PR?READ_18B20?ONEWIRE
Program Size: data=46.1 xdata=0 code=1796
creating hex file from "TimeMain"...
"TimeMain" - 0 Error(s), 1 Warning(s).
Build target 'Target 1'
compiling Key.c...
compiling Display.c...
compiling Main.c...
compiling ds1302.c...
compiling onewire.c...
linking...
*** WARNING L16: UNCALLED SEGMENT, IGNORED FOR OVERLAY PROCESS
    SEGMENT: ?PR?READ_18B20?ONEWIRE
Program Size: data=46.1 xdata=0 code=1790
creating hex file from "TimeMain"...
"TimeMain" - 0 Error(s), 1 Warning(s).
Build target 'Target 1'
compiling Key.c...
compiling Display.c...
compiling Main.c...
compiling ds1302.c...
compiling onewire.c...
linking...
*** WARNING L16: UNCALLED SEGMENT, IGNORED FOR OVERLAY PROCESS
    SEGMENT: ?PR?READ_18B20?ONEWIRE
Program Size: data=46.1 xdata=0 code=1796
creating hex file from "TimeMain"...
"TimeMain" - 0 Error(s), 1 Warning(s).
Build target 'Target 1'
compiling Key.c...
compiling Display.c...
compiling Main.c...
compiling ds1302.c...
compiling onewire.c...
linking...
*** WARNING L16: UNCALLED SEGMENT, IGNORED FOR OVERLAY PROCESS
    SEGMENT: ?PR?READ_18B20?ONEWIRE
Program Size: data=46.1 xdata=0 code=1796
creating hex file from "TimeMain"...
"TimeMain" - 0 Error(s), 1 Warning(s).
